<?xml version="1.0" encoding="UTF-8"?>
<!-- Generated by org.testng.reporters.JUnitReportReporter -->
<testsuite hostname="vaishu_games" name="Scenario_Component.Scenario_Search" tests="1" failures="0" timestamp="12 Mar 2017 19:38:10 GMT" time="48.506" errors="0">
  <testcase name="testInvalidSearch" time="48.506" classname="Scenario_Component.Scenario_Search"/>
</testsuite> <!-- Scenario_Component.Scenario_Search -->
